API Error: SyntaxError: Expected ',' or '}' after property value in JSON at position 30 (line 1 column 31)
    at JSON.parse (<anonymous>)
    at parse (C:\xampp\htdocs\JML CourseHub\jml-backend\node_modules\body-parser\lib\types\json.js:92:19)
    at C:\xampp\htdocs\JML CourseHub\jml-backend\node_modules\body-parser\lib\read.js:128:18
    at AsyncResource.runInAsyncScope (node:async_hooks:211:14)
    at invokeCallback (C:\xampp\htdocs\JML CourseHub\jml-backend\node_modules\raw-body\index.js:238:16)
    at done (C:\xampp\htdocs\JML CourseHub\jml-backend\node_modules\raw-body\index.js:227:7)
    at IncomingMessage.onEnd (C:\xampp\htdocs\JML CourseHub\jml-backend\node_modules\raw-body\index.js:287:7)
    at IncomingMessage.emit (node:events:518:28)
    at endReadableNT (node:internal/streams/readable:1698:12)
    at process.processTicksAndRejections (node:internal/process/task_queues:90:21) {
  expose: true,
  statusCode: 400,
  status: 400,
  body: '{"q":"inteligência artificial"',
  type: 'entity.parse.failed'
}
API Error: SyntaxError: Expected ',' or '}' after property value in JSON at position 24 (line 1 column 25)
    at JSON.parse (<anonymous>)
    at parse (C:\xampp\htdocs\JML CourseHub\jml-backend\node_modules\body-parser\lib\types\json.js:92:19)
    at C:\xampp\htdocs\JML CourseHub\jml-backend\node_modules\body-parser\lib\read.js:128:18
    at AsyncResource.runInAsyncScope (node:async_hooks:211:14)
    at invokeCallback (C:\xampp\htdocs\JML CourseHub\jml-backend\node_modules\raw-body\index.js:238:16)
    at done (C:\xampp\htdocs\JML CourseHub\jml-backend\node_modules\raw-body\index.js:227:7)
    at IncomingMessage.onEnd (C:\xampp\htdocs\JML CourseHub\jml-backend\node_modules\raw-body\index.js:287:7)
    at IncomingMessage.emit (node:events:518:28)
    at endReadableNT (node:internal/streams/readable:1698:12)
    at process.processTicksAndRejections (node:internal/process/task_queues:90:21) {
  expose: true,
  statusCode: 400,
  status: 400,
  body: '{"q":"gestão de pessoas"',
  type: 'entity.parse.failed'
}
